[debug] [2023-08-30T21:49:35.750Z] ----------------------------------------------------------------------
[debug] [2023-08-30T21:49:35.752Z] Command:       C:\Program Files\nodejs\node.exe C:\Program Files\nodejs\node_modules\firebase-tools\lib\bin\firebase.js init
[debug] [2023-08-30T21:49:35.752Z] CLI Version:   12.5.2
[debug] [2023-08-30T21:49:35.752Z] Platform:      win32
[debug] [2023-08-30T21:49:35.752Z] Node Version:  v18.14.2
[debug] [2023-08-30T21:49:35.753Z] Time:          Wed Aug 30 2023 23:49:35 GMT+0200 (Central European Summer Time)
[debug] [2023-08-30T21:49:35.753Z] ----------------------------------------------------------------------
[debug] 
[debug] [2023-08-30T21:49:35.815Z] > command requires scopes: ["email","openid","https://www.googleapis.com/auth/cloudplatformprojects.readonly","https://www.googleapis.com/auth/firebase","https://www.googleapis.com/auth/cloud-platform"]
[debug] [2023-08-30T21:49:35.815Z] > authorizing via signed-in user (balazsolah19@gmail.com)
[info] 
     ######## #### ########  ######## ########     ###     ######  ########
     ##        ##  ##     ## ##       ##     ##  ##   ##  ##       ##
     ######    ##  ########  ######   ########  #########  ######  ######
     ##        ##  ##    ##  ##       ##     ## ##     ##       ## ##
     ##       #### ##     ## ######## ########  ##     ##  ######  ########

You're about to initialize a Firebase project in this directory:

  G:\Work\NextModCalc\nextmodcalc

Before we get started, keep in mind:

  * You are initializing within an existing Firebase project directory

